<?xml version="1.0" encoding="UTF-8"?>
<!-- Generated by org.testng.reporters.JUnitReportReporter -->
<testsuite hostname="Yogendras-MacBook-Pro.local" failures="0" tests="1" name="scrnshotmavendemo001.screenshot001" time="11.678" errors="0" timestamp="2023-06-25T10:47:23 EDT" skipped="0">
  <testcase classname="scrnshotmavendemo001.screenshot001" name="main" time="11.678"/>
  <system-out/>
</testsuite> <!-- scrnshotmavendemo001.screenshot001 -->
